<?xml version="1.0" encoding="UTF-8"?>
<!-- Generated by org.testng.reporters.JUnitReportReporter -->
<testsuite hostname="DESKTOP-7PTRHU1" failures="0" tests="5" name="project_name.tests.ScenarioName" time="0.030" errors="0" timestamp="2022-06-14T13:01:54 IST" skipped="0">
  <testcase classname="project_name.tests.ScenarioName" name="testCaseHeading4" time="0.004"/>
  <system-out/>
  <testcase classname="project_name.tests.ScenarioName" name="testCaseHeading" time="0.013"/>
  <system-out/>
  <testcase classname="project_name.tests.ScenarioName" name="testCaseHeading1" time="0.005"/>
  <system-out/>
  <testcase classname="project_name.tests.ScenarioName" name="testCaseHeading2" time="0.004"/>
  <system-out/>
  <testcase classname="project_name.tests.ScenarioName" name="testCaseHeading3" time="0.004"/>
  <system-out/>
</testsuite> <!-- project_name.tests.ScenarioName -->
