<?xml version="1.0" encoding="UTF-8"?>
<!-- Generated by org.testng.reporters.JUnitReportReporter -->
<testsuite hostname="DESKTOP-7PTRHU1" failures="0" tests="4" name="project_name.tests.ScenarioName" time="0.030" errors="0" timestamp="2022-06-17T12:00:58 IST" skipped="0">
  <testcase classname="project_name.tests.ScenarioName" name="testCaseHeading4" time="0.006"/>
  <system-out/>
  <testcase classname="project_name.tests.ScenarioName" name="testCaseHeading1" time="0.003"/>
  <system-out/>
  <testcase classname="project_name.tests.ScenarioName" name="testCaseHeading" time="0.016"/>
  <system-out/>
  <testcase classname="project_name.tests.ScenarioName" name="testCaseHeading2" time="0.005"/>
  <system-out/>
</testsuite> <!-- project_name.tests.ScenarioName -->
